rm: cannot remove '/scratch/jgianott/SAGE/SAGE_2023-2024/ashah1/ONT/02_assembly_ONT/': No such file or directory
[2023-11-28 16:25:21] INFO: Starting Flye 2.6-release
[2023-11-28 16:25:21] INFO: >>>STAGE: configure
[2023-11-28 16:25:21] INFO: Configuring run
[2023-11-28 16:25:22] INFO: Total read length: 358289632
[2023-11-28 16:25:22] INFO: Input genome size: 2500000
[2023-11-28 16:25:22] INFO: Estimated coverage: 143
[2023-11-28 16:25:22] INFO: Reads N50/N90: 6740 / 2009
[2023-11-28 16:25:22] INFO: Minimum overlap set to 2000
[2023-11-28 16:25:22] INFO: Selected k-mer size: 15
[2023-11-28 16:25:22] INFO: >>>STAGE: assembly
[2023-11-28 16:25:22] INFO: Assembling disjointigs
[2023-11-28 16:25:22] INFO: Reading sequences
[2023-11-28 16:25:25] INFO: Generating solid k-mer index
[2023-11-28 16:25:27] INFO: Counting k-mers (1/2):
0% 10% 20% 30% 40% 50% 60% 70% 80% 90% 100% 
[2023-11-28 16:25:30] INFO: Counting k-mers (2/2):
0% 10% 20% 30% 40% 50% 60% 70% 80% 90% 100% 
[2023-11-28 16:25:38] INFO: Filling index table
0% 10% 20% 30% 40% 50% 60% 70% 80% 90% 100% 
[2023-11-28 16:26:07] INFO: Extending reads
[2023-11-28 16:28:13] INFO: Overlap-based coverage: 132
[2023-11-28 16:28:13] INFO: Median overlap divergence: 0.0542458
0% 10% 20% 30% 40% 50% 60% 70% 80% 90% 100% 
[2023-11-28 16:30:01] INFO: Assembled 4 disjointigs
[2023-11-28 16:30:01] INFO: Generating sequence
0% 10% 20% 30% 40% 50% 60% 70% 80% 90% 100% 
[2023-11-28 16:30:10] INFO: >>>STAGE: consensus
[2023-11-28 16:30:10] INFO: Running Minimap2
[2023-11-28 16:30:28] INFO: Computing consensus
[2023-11-28 16:32:14] INFO: Alignment error rate: 0.068218
[2023-11-28 16:32:14] INFO: >>>STAGE: repeat
[2023-11-28 16:32:14] INFO: Building and resolving repeat graph
[2023-11-28 16:32:14] INFO: Reading sequences
[2023-11-28 16:32:15] INFO: Building repeat graph
10% 20% 30% 50% 60% 70% 80% 100% 
[2023-11-28 16:32:19] INFO: Median overlap divergence: 0.00903243
[2023-11-28 16:32:19] INFO: Aligning reads to the graph
0% 10% 20% 30% 40% 50% 60% 70% 80% 90% 100% 
[2023-11-28 16:32:43] INFO: Aligned read sequence: 317133668 / 322785157 (0.982491)
[2023-11-28 16:32:43] INFO: Median overlap divergence: 0.0152633
[2023-11-28 16:32:43] INFO: Mean edge coverage: 148
[2023-11-28 16:32:43] INFO: Resolving repeats
[2023-11-28 16:32:44] INFO: >>>STAGE: trestle
[2023-11-28 16:32:44] INFO: Simple unbridged repeats: 0
[2023-11-28 16:32:44] INFO: Resolved: 0
[2023-11-28 16:32:44] INFO: >>>STAGE: contigger
[2023-11-28 16:32:44] INFO: Generating contigs
[2023-11-28 16:32:44] INFO: Reading sequences
[2023-11-28 16:32:46] INFO: Generated 5 contigs
[2023-11-28 16:32:46] INFO: Added 0 scaffold connections
[2023-11-28 16:32:46] INFO: >>>STAGE: polishing
[2023-11-28 16:32:46] INFO: Polishing genome (1/5)
[2023-11-28 16:32:46] INFO: Running minimap2
[2023-11-28 16:32:59] INFO: Separating alignment into bubbles
[2023-11-28 16:35:12] INFO: Alignment error rate: 0.036943
[2023-11-28 16:35:12] INFO: Correcting bubbles
0% 10% 20% 30% 40% 50% 60% 70% 80% 90% 100% 
[2023-11-28 16:35:26] INFO: Polishing genome (2/5)
[2023-11-28 16:35:26] INFO: Running minimap2
[2023-11-28 16:35:37] INFO: Separating alignment into bubbles
[2023-11-28 16:38:08] INFO: Alignment error rate: 0.041856
[2023-11-28 16:38:08] INFO: Correcting bubbles
0% 10% 20% 30% 40% 50% 60% 70% 80% 90% 100% 
[2023-11-28 16:38:22] INFO: Polishing genome (3/5)
[2023-11-28 16:38:22] INFO: Running minimap2
[2023-11-28 16:38:35] INFO: Separating alignment into bubbles
[2023-11-28 16:40:54] INFO: Alignment error rate: 0.041897
[2023-11-28 16:40:54] INFO: Correcting bubbles
0% 10% 20% 30% 40% 50% 60% 70% 80% 90% 100% 
[2023-11-28 16:41:08] INFO: Polishing genome (4/5)
[2023-11-28 16:41:08] INFO: Running minimap2
[2023-11-28 16:41:28] INFO: Separating alignment into bubbles
[2023-11-28 16:44:01] INFO: Alignment error rate: 0.041877
[2023-11-28 16:44:01] INFO: Correcting bubbles
0% 10% 20% 30% 40% 50% 60% 70% 80% 90% 100% 
[2023-11-28 16:44:15] INFO: Polishing genome (5/5)
[2023-11-28 16:44:15] INFO: Running minimap2
[2023-11-28 16:44:29] INFO: Separating alignment into bubbles
[2023-11-28 16:46:48] INFO: Alignment error rate: 0.041897
[2023-11-28 16:46:48] INFO: Correcting bubbles
0% 10% 20% 30% 40% 50% 60% 70% 80% 90% 100% 
[2023-11-28 16:47:02] INFO: >>>STAGE: finalize
[2023-11-28 16:47:02] INFO: Assembly statistics:

	Total length:	2139010
	Fragments:	4
	Fragments N50:	2079695
	Largest frg:	2079695
	Scaffolds:	0
	Mean coverage:	167

[2023-11-28 16:47:02] INFO: Final assembly: /scratch/jgianott/SAGE/SAGE_2023-2024/ashah1/ONT/02_assembly_ONT/assembly.fasta
