2023-12-05 10:18:24,421 - The log file is created at /scratch/jgianott/SAGE/SAGE_2023-2024/ashah1/ONT/03_Genome_QC_and_annotation/02_strain_12_DRAM/annotate.log.
2023-12-05 10:18:24,422 - 1 FASTAs found
2023-12-05 10:18:24,453 - Starting the Annotation of Bins with database configuration: 
 

KOfam db:
    Citation: T. Aramaki, R. Blanc-Mathieu, H. Endo, K. Ohkubo, M. Kanehisa, S. Goto, and H. Ogata, "Kofamkoala: Kegg ortholog assignment based on profile hmm and adaptive score threshold," Bioinformatics, vol. 36, no. 7, pp. 2251–2252, 2020.
KOfam KO list:
    Citation: T. Aramaki, R. Blanc-Mathieu, H. Endo, K. Ohkubo, M. Kanehisa, S. Goto, and H. Ogata, "Kofamkoala: Kegg ortholog assignment based on profile hmm and adaptive score threshold," Bioinformatics, vol. 36, no. 7, pp. 2251–2252, 2020.
Pfam db:
    Citation: J. Mistry, S. Chuguransky, L. Williams, M. Qureshi, G. A. Salazar, E. L. Sonnhammer, S. C. Tosatto, L. Paladin, S. Raj, L. J. Richardson et al., "Pfam: The protein families database in 2021," Nucleic acids research, vol. 49, no. D1, pp. D412–D419, 2021.
    Description_Db_Updated: 11/28/2023, 07:11:04
dbCAN db:
    Citation: Y. Yin, X. Mao, J. Yang, X. Chen, F. Mao, and Y. Xu, "dbcan: a web resource for automated carbohydrate-active enzyme annotation," Nucleic acids research, vol. 40, no. W1, pp. W445–W451, 2012.
    Version: 12
    Download Time: 11/28/2023, 06:43:48
    Origin: Downloaded by DRAM
    Description_Db_Updated: 11/28/2023, 07:11:04
MEROPS peptidase db:
    Description_Db_Updated: 11/28/2023, 07:11:03
    Citation: N. D. Rawlings, A. J. Barrett, P. D. Thomas, X. Huang, A. Bateman, and R. D. Finn, "The merops database of proteolytic enzymes, their substrates and inhibitors in 2017 and a comparison with peptidases in the panther database," Nucleic acids research, vol. 46, no. D1, pp. D624–D632, 2018.

Pfam hmm dat:
    Description_Db_Updated: Unknown, or Never
    Citation: J. Mistry, S. Chuguransky, L. Williams, M. Qureshi, G. A. Salazar, E. L. Sonnhammer, S. C. Tosatto, L. Paladin, S. Raj, L. J. Richardson et al., "Pfam: The protein families database in 2021," Nucleic acids research, vol. 49, no. D1, pp. D412–D419, 2021.
dbCAN family activities:
    Citation: Y. Yin, X. Mao, J. Yang, X. Chen, F. Mao, and Y. Xu, "dbcan: a web resource for automated carbohydrate-active enzyme annotation," Nucleic acids research, vol. 40, no. W1, pp. W445–W451, 2012.
    Version: 12
    Upload_Date: 08062022
    Download Time: 11/28/2023, 06:43:48
    Origin: Downloaded by DRAM
dbCAN subfamily EC numbers:
    Citation: Y. Yin, X. Mao, J. Yang, X. Chen, F. Mao, and Y. Xu, "dbcan: a web resource for automated carbohydrate-active enzyme annotation," Nucleic acids research, vol. 40, no. W1, pp. W445–W451, 2012.
    Version: 12
    Upload_Date: 08062022
    Download Time: 11/28/2023, 06:43:49
    Origin: Downloaded by DRAM
VOG annotations:
    Description_Db_Updated: Unknown, or Never
    Citation: J. Thannesberger, H.-J. Hellinger, I. Klymiuk, M.-T. Kastner, F. J. Rieder, M. Schneider, S. Fister, T. Lion, K. Kosulin, J. Laengle et al., "Viruses comprise an extensive pool of mobile genetic elements in eukaryote cell cultures and human clinical samples," The FASEB Journal, vol. 31, no. 5, pp. 1987–2000, 2017.
    Version: latest
    Download Time: 11/28/2023, 06:43:55
    Origin: Downloaded by DRAM

Genome summary form:
    Branch: master
    Download Time: 11/28/2023, 06:44:01
    Origin: Downloaded by DRAM
Module step form:
    Branch: master
    Download Time: 11/28/2023, 06:44:01
    Origin: Downloaded by DRAM
ETC module database:
    Branch: master
    Download Time: 11/28/2023, 06:44:02
    Origin: Downloaded by DRAM
Function heatmap form:
    Branch: master
    Download Time: 11/28/2023, 06:44:01
    Origin: Downloaded by DRAM
AMG database:
    Branch: master
    Download Time: 11/28/2023, 06:44:01
    Origin: Downloaded by DRAM
2023-12-05 10:18:24,454 - Retrieved database locations and descriptions
2023-12-05 10:18:24,459 - Annotating strain_12_polished_contigs
2023-12-05 10:18:44,866 - Turning genes from prodigal to mmseqs2 db
2023-12-05 10:18:47,147 - Getting hits from kofam
2023-12-05 10:27:45,726 - Getting forward best hits from peptidase
2023-12-05 10:27:55,897 - Getting reverse best hits from peptidase
2023-12-05 10:28:03,065 - Getting descriptions of hits from peptidase
2023-12-05 10:28:03,200 - Getting hits from pfam
2023-12-05 10:28:16,102 - Getting hits from dbCAN
/scratch/jgianott/SAGE/SAGE_2023-2024/dgarrido/DRAM/DRAM_env/lib/python3.10/site-packages/mag_annotator/database_handler.py:215: UserWarning: No descriptions were found for your id's. Does this GH177 look like an id from dbcan_description
  warnings.warn(
/scratch/jgianott/SAGE/SAGE_2023-2024/dgarrido/DRAM/DRAM_env/lib/python3.10/site-packages/mag_annotator/database_handler.py:215: UserWarning: No descriptions were found for your id's. Does this GT2_Glycos_transf_2 look like an id from dbcan_description
  warnings.warn(
/scratch/jgianott/SAGE/SAGE_2023-2024/dgarrido/DRAM/DRAM_env/lib/python3.10/site-packages/mag_annotator/database_handler.py:215: UserWarning: No descriptions were found for your id's. Does this GH177 look like an id from dbcan_description
  warnings.warn(
2023-12-05 10:28:23,642 - Merging ORF annotations
2023-12-05 10:28:30,635 - Annotations complete, processing annotations
2023-12-05 10:28:30,722 - Completed annotations
2023-12-05 10:28:36,967 - The log file is created at /scratch/jgianott/SAGE/SAGE_2023-2024/ashah1/ONT/03_Genome_QC_and_annotation/02_strain_12_DRAM/distill/distill.log
2023-12-05 10:28:36,981 - Note: the fallowing id fields were not in the annotations file and are not being used: ['kegg_genes_id', 'kegg_id', 'camper_id', 'fegenie_id', 'sulfur_id', 'methyl_id'], but these are ['ko_id', 'kegg_hit', 'peptidase_family', 'cazy_best_hit', 'pfam_hits']
2023-12-05 10:28:37,083 - Retrieved database locations and descriptions
2023-12-05 10:28:37,099 - Calculated genome statistics
2023-12-05 10:28:38,097 - Generated genome metabolism summary
/scratch/jgianott/SAGE/SAGE_2023-2024/dgarrido/DRAM/DRAM_env/lib/python3.10/site-packages/altair/utils/core.py:317: FutureWarning: iteritems is deprecated and will be removed in a future version. Use .items instead.
  for col_name, dtype in df.dtypes.iteritems():
2023-12-05 10:28:39,613 - Generated product heatmap and table
2023-12-05 10:28:39,613 - Completed distillation
