Agrilactobacillus_composti_DSM-18527
Agrilactobacillus_fermenti_CC-MHH1034
Agrilactobacillus_yilanensis_54-2
Amylolactobacillus_amylophilus_DSM-20533
annoDRAM_GCA_000967245.1_ASM96724v1_genomic
annoDRAM_GCA_000970795.1_ASM97079v1_genomic
annoDRAM_GCA_003515755.1_ASM351575v1_genomic
annoDRAM_GCA_003515805.1_ASM351580v1_genomic
annoDRAM_GCA_003522965.1_ASM352296v1_genomic
annoDRAM_GCA_013345055.1_ASM1334505v1_genomic
annoDRAM_GCA_013346905.1_ASM1334690v1_genomic
annoDRAM_GCA_013346925.1_ASM1334692v1_genomic
annoDRAM_GCA_013347085.1_ASM1334708v1_genomic
annoDRAM_GCA_013385145.1_ASM1338514v1_genomic
annoDRAM_GCA_013607485.1_ASM1360748v1_genomic
annoDRAM_GCA_023380245.1_ASM2338024v1_genomic
annoDRAM_GCA_023380265.1_ASM2338026v1_genomic
annoDRAM_GCA_025290075.1_ASM2529007v1_genomic
annoDRAM_GCA_025290155.1_ASM2529015v1_genomic
annoDRAM_GCA_025290985.1_ASM2529098v1_genomic
annoDRAM_GCA_025291175.1_ASM2529117v1_genomic
annoDRAM_GCA_025291455.1_ASM2529145v1_genomic
annoDRAM_GCA_026229285.1_ASM2622928v1_genomic
Apilactobacillus_apinorum_Fhon13
Apilactobacillus_apisilvae_SG5_A10
Apilactobacillus_bombintestini_BHWM-4
Apilactobacillus_kunkeei_LMbo
Apilactobacillus_kunkeei_UASWS1868-NN17
Apilactobacillus_kunkeei_YH-15
Apilactobacillus_micheneri_Hlig3
Apilactobacillus_nanyangensis_HN36-1
Apilactobacillus_ozensis_DSM-23829
Apilactobacillus_quenuiae_HV_6
Apilactobacillus_timberlakei_HV_12
Apilactobacillus_waqarii_HBW1
Apilactobacillus_xinyiensis_F575-4
Apilactobacillus_zhangqiuensis_F502-1
Bombilactobacillus_apium_DCY120
Bombilactobacillus_bombi_BI-2.5
Bombilactobacillus_bombi_XV6
Bombilactobacillus_folatiphilus_SG4_D2
Bombilactobacillus_mellifer_Bin4
Bombilactobacillus_mellis_Hon2
Bombilactobacillus_thymidiniphilus_SG4_A1
Companilactobacillus_alimentarius_DSM-20249
Companilactobacillus_allii_WiKim39
Companilactobacillus_baiquanensis_184-8
Companilactobacillus_bobalius_203
Companilactobacillus_crustorum_JCM-15951
Companilactobacillus_farciminis_DSM-20184
Companilactobacillus_formosensis_NBRC-109509
Companilactobacillus_furfuricola_JCM-18764
Companilactobacillus_futsaii_JCM-17355
Companilactobacillus_ginsenosidimutans_EMML-3041
Companilactobacillus_halodurans_TMW-1.2172
Companilactobacillus_heilongjiangensis_DSM-28069
Companilactobacillus_huachuanensis_395-6.2
Companilactobacillus_jidongensis_204-8
Companilactobacillus_kedongensis_116-2
Companilactobacillus_keshanensis_33-7
Companilactobacillus_kimchiensis_DSM-24716
Companilactobacillus_kimchii_DSM-13961
Companilactobacillus_metriopterae_JCM-31635
Companilactobacillus_mindensis_DSM-14500
Companilactobacillus_mishanensis_256-3
Companilactobacillus_musae_NBRC-112868
Companilactobacillus_nantensis_DSM-16982
Companilactobacillus_nodensis_JCM-14932
Companilactobacillus_nuruki_SYF10-1a
Companilactobacillus_pabuli_NFFJ11
Companilactobacillus_paralimentarius_DSM-13238
Companilactobacillus_sp._RD055328
Companilactobacillus_sp._UW_TS_COMLAC1_4
Companilactobacillus_suantsaicola_BCRC-81127
Companilactobacillus_tucceti_DSM-20183
Companilactobacillus_versmoldensis_DSM-14857
Companilactobacillus_zhachilii_HBUAS52074
Companilactobacillus_zhongbaensis_M1575
Convivina_intestini_DSM-28795
Convivina_sp._R-78138
Dellaglioa_algida_DSM-15638
ESL0958
Fructilactobacillus_carniphilus_KI4_A6
Fructilactobacillus_cliffordii_KI11_D11
Fructilactobacillus_florum_DSM-22689
Fructilactobacillus_fructivorans_DSM-20203
Fructilactobacillus_hinvesii_KI11_C11
Fructilactobacillus_ixorae_Ru20-1
Fructilactobacillus_lindneri_TMW-1.88
Fructilactobacillus_myrtifloralis_KI16_H9
Fructilactobacillus_sanfranciscensis_DSM-20451
Fructobacillus_americanaquae_KI3_B9
Fructobacillus_apis_W13
Fructobacillus_broussonetiae_M2-14
Fructobacillus_durionis_DSM-19113
Fructobacillus_ficulneus_JCM-12225
Fructobacillus_fructosus_DSM-20349
Fructobacillus_papyriferae_M1-10
Fructobacillus_papyrifericola_M1-21
Fructobacillus_parabroussonetiae_S1-1
Fructobacillus_pseudoficulneus_DSM-15468
Fructobacillus_sp._EFB-N1
Fructobacillus_tropaeoli_F214-1
Furfurilactobacillus_milii_C5
Furfurilactobacillus_milii_FUA3430
Furfurilactobacillus_milii_FUA3583
Furfurilactobacillus_rossiae_DSM-15814
Furfurilactobacillus_siliginis_DSM-22696
Holzapfeliella_floricola_DSM-23037
Lacticaseibacillus_baoqingensis_47-3
Lacticaseibacillus_brantae_DSM-23927
Lacticaseibacillus_casei_ATCC-393
Lacticaseibacillus_chiayiensis_NCYUAS
Lacticaseibacillus_hegangensis_73-4
Lacticaseibacillus_hulanensis_ZW163
Lacticaseibacillus_jixianensis_159-4
Lacticaseibacillus_kribbianus_YH-lac21
Lacticaseibacillus_manihotivorans_DSM-13343
Lacticaseibacillus_mingshuiensis_117-1
Lacticaseibacillus_paracasei_subsp._paracasei_JCM-8130
Lacticaseibacillus_porcinae_JCM-19617
Lacticaseibacillus_rhamnosus_NCTC13764
Lacticaseibacillus_sharpeae_DSM-20505
Lacticaseibacillus_songhuajiangensis_Jul.19
Lacticaseibacillus_suibinensis_247-3
Lacticaseibacillus_suilingensis_ZW152
Lacticaseibacillus_thailandensis_JCM-13996
Lacticaseibacillus_yichunensis_33-1
Lacticaseibacillus_zeae_KCTC-3804
Lacticaseibacillus_zhaodongensis_1206-1
Lactiplantibacillus_daoliensis_116-1A
Lactiplantibacillus_dongliensis_218-3
Lactiplantibacillus_fabifermentans_DSM-21115
Lactiplantibacillus_herbarum_TCF032-E4
Lactiplantibacillus_modestisalitolerans_NBRC-107235
Lactiplantibacillus_mudanjiangensis_11050
Lactiplantibacillus_nangangensis_381-7
Lactiplantibacillus_paraplantarum_DSM-10667
Lactiplantibacillus_pentosus_DSM-20314
Lactiplantibacillus_pingfangensis_382-1
Lactiplantibacillus_plajomi_NBRC-107333
Lactiplantibacillus_plantarum_DSM-20174
Lactiplantibacillus_plantarum_EGD-AQ4
Lactiplantibacillus_songbeiensis_398-2
Lactiplantibacillus_xiangfangensis_LMG-26013
Lactobacillaceae_bacterium__UBA5807
Lactobacillus_acetotolerans_DSM-20749
Lactobacillus_acidophilus_NBRC-13951
Lactobacillus_agrestimuris_DSM-110155
Lactobacillus_amylolyticus_DSM-11664
Lactobacillus_amylovorus_DSM-20531
Lactobacillus_bombicola_R-53102
Lactobacillus_colini_DSM-101872
Lactobacillus_corticis_B40
Lactobacillus_crispatus_ATCC-33820
Lactobacillus_delbrueckii_subsp._Delbrueckii_DSM-20074
Lactobacillus_helsingborgensis_Bma5
Lactobacillus_huangpiensis_F306-1
Lactobacillus_iners_DSM_13335_DSM-13335
Lactobacillus_intestinalis_DSM-6629
Lactobacillus_jensenii_DSM_20557_DSM-20557
Lactobacillus_kalixensis_DSM_16043_DSM-16043
Lactobacillus_kefiranofaciens_ATCC-43761
Lactobacillus_kimbladii_Dan47
Lactobacillus_kimbladii_Hma2
Lactobacillus_kullabergensis_Biut2
Lactobacillus_laiwuensis_F551-2
Lactobacillus_melliventris_ESL0393
Lactobacillus_mulieris_c10Ua161M
Lactobacillus_nasalidis_YZ01
Lactobacillus_panisapium_ESL0416
Lactobacillus_paragasseri_JCM-5343
Lactobacillus_psittaci_DSM_15354_DSM-15354
Lactobacillus_rodentium_DSM-24759
Lactobacillus_selangorensis_DSM-13344
Lactobacillus_sp._0.1XD8-4_0.1XD8-4
Lactobacillus_sp._CBA3605_CBA3605
Lactobacillus_sp._CBA3606_CBA3606
Lactobacillus_sp._ESL0246_ESL0246
Lactobacillussp_ESL0726
Lactobacillus_sp._HBUAS51381_HBUAS51381
Lactobacillus_sp._LL6_LL6
Lactobacillus_sp._Mgla_MAG_30-bin_5
Lactobacillus_sp._MRS-253-APC-2B_MRS-253-APC-2B
Lactobacillus_sp._S2-2_S2-2
Lactobacillus_sp._UW_MP_AGRLAC1_1
Lactobacillus_sp._W8174_W8174
Lactobacillus_timonensis_Marseille-P3825
Lactobacillus_ultunensis_DSM_16047_DSM-16047
Lactobacillus_xujianguonis_HT111-2
Lapidilactobacillus_achengensis_247-4
Lapidilactobacillus_bayanensis_54-5
Lapidilactobacillus_concavus_DSM_17758_DSM-17758
Lapidilactobacillus_dextrinicus_DSM_20335_DSM-20335
Lapidilactobacillus_gannanensis_143-1
Lapidilactobacillus_luobeiensis_30-1.fna
Lapidilactobacillus_mulanensis_143-6
Lapidilactobacillus_wuchangensis_17.Apr
Latilactobacillus_fragifolii_AMBP162
Latilactobacillus_graminis_DSM_20719_DSM-20719
Latilactobacillus_sakei_DS4
Lentilactobacillus_buchneri_ATCC-4005
Lentilactobacillus_curieae_CCTCC-M-2011381
Lentilactobacillus_diolivorans_DSM_14421_DSM-14421
Lentilactobacillus_fungorum_YK48G
Lentilactobacillus_kefiri_NBRC-15888
Lentilactobacillus_kribbianus_YH-lac9
Lentilactobacillus_laojiaonis_IM3328
Lentilactobacillus_parakefiri_JCM-8573
Lentilactobacillus_raoultii_Marseille-P4006
Lentilactobacillus_rapi_subsp._dabitei_IMAU92037
Lentilactobacillus_sunkii_DSM_19904_DSM-19904
Leuconostoc_carnosum_DSM-5576
Leuconostoc_citreum_ATCC-49370
Leuconostoc_falkenbergense_LMG-10779
Leuconostoc_fallax_KCTC_3537_KCTC-3537
Leuconostoc_gelidum_subsp._gelidum_KCTC_3527_KCTC-3527
Leuconostoc_holzapfelii_CCUG-54536
Leuconostoc_inhae_DSM-15101
Leuconostoc_inhae_KCTC_3774_KCTC-3774
Leuconostoc_kimchii_IMSNU_11154_IMSNU-11154
Leuconostoc_lactis_CBA3622
Leuconostoc_litchii_MB7
Leuconostoc_mesenteroides_subsp._mesenteroides_ATCC_8293_ATCC-8293
Leuconostoc_mesenteroides_subsp._mesenteroides_CBA3607
Leuconostoc_miyukkimchii_JCM-17445
Leuconostoc_palmae_JCM-16944
Leuconostoc_pseudomesenteroides_KCTC_3652_LMG-11482
Leuconostoc_rapi_DSM-27776
Leuconostoc_suionicum_DSM-20241
Levilactobacillus_acidifarinae_DSM_19394_DSM-19394
Levilactobacillus_andaensis_866-3
Levilactobacillus_angrenensis_M1530-1
Levilactobacillus_bambusae_BS-W1
Levilactobacillus_brevis_CD0817
Levilactobacillus_brevis_M10
Levilactobacillus_cerevisiae_DSM-100836
Levilactobacillus_enshiensis_HBUAS57009
Levilactobacillus_fujinensis_218-6
Levilactobacillus_fuyuanensis_244-4
Levilactobacillus_hammesii_DSM_16381_DSM-16381
Levilactobacillus_huananensis_151-2B
Levilactobacillus_koreensis_JCM_16448_JCM-16448
Levilactobacillus_lanxiensis_13B17
Levilactobacillus_lindianensis_220-4
Levilactobacillus_mulengensis_112-3
Levilactobacillus_namurensis_DSM_19117_DSM-19117
Levilactobacillus_parabrevis_ATCC_53295_ATCC-53295
Levilactobacillus_paucivorans_DSM-22467
Levilactobacillus_spicheri_DSM_15429_DSM-15429
Levilactobacillus_suantsaii_BCRC-12945
Levilactobacillus_suantsaiihabitans_BCRC-81129
Levilactobacillus_tangyuanensis_137-3
Levilactobacillus_tongjiangensis_218-10
Levilactobacillus_tujiorum_HBUAS51241
Levilactobacillus_yonginensis_JCM-18023
Levilactobacillus_zymae_DSM_19395_DSM-19395
Ligilactobacillus_acidipiscis_DSM_15836_DSM-15836
Ligilactobacillus_agilis_DSM_20509_DSM-20509
Ligilactobacillus_araffinosus_DSM_20653_DSM-20653
Ligilactobacillus_aviarius_subsp._aviarius_DSM_20655_DSM-20655
Ligilactobacillus_aviarius_UMNLAv11
Ligilactobacillus_ceti_DSM_22408_DSM-22408
Ligilactobacillus_pabuli_AF129
Ligilactobacillus_ruminis_WC1T17
Ligilactobacillus_saerimneri_DSM_16049_DSM-16049
Ligilactobacillus_salitolerans_YK43
Ligilactobacillus_ubinensis_WILCCON-0076
Limosilactobacillus_agrestis_WF-MT5-A
Limosilactobacillus_alvi_An810
Limosilactobacillus_avistercoris_Sa3CUN2
Limosilactobacillus_balticus_BG-AF3-A
Limosilactobacillus_caccae_Marseille-P3519T
Limosilactobacillus_caviae_CCM-8609
Limosilactobacillus_coleohominis_101-4-CHN_101-4-CHN
Limosilactobacillus_coleohominis_An574
Limosilactobacillus_fastidiosus_WF-MO7-1
Limosilactobacillus_fermentum_DSM-20052
Limosilactobacillus_frumenti_DSM_13145_DSM-13145
Limosilactobacillus_gastricus_DSM_16045_DSM-16045
Limosilactobacillus_gorillae_KZ01
Limosilactobacillus_ingluviei_DSM_15946_DSM-15946
Limosilactobacillus_mucosae_DSM_13345_DSM-13345
Limosilactobacillus_oris_DSM_4864_DSM-4864
Limosilactobacillus_panis_DSM_6035_DSM-6035
Limosilactobacillus_panis_MT-01
Limosilactobacillus_pontis_UMB0683
Limosilactobacillus_portuensis_c11Ua_112_M
Limosilactobacillus_reuteri_CNEI-KCA3
Limosilactobacillus_reuteri_subsp._reuteri_DSM-20016
Limosilactobacillus_reuteri_WF-AA1-C
Limosilactobacillus_reuteri_WHH1689
Limosilactobacillus_rudii_STM3_1
Limosilactobacillus_secaliphilus_DSM-17896
Limosilactobacillus_urinaemulieris_c9Ua_26_M
Liquorilactobacillus_aquaticus_DSM_21051_DSM-21051
Liquorilactobacillus_cacaonum_DSM_21116_DSM-21116
Liquorilactobacillus_capillatus_DSM_19910_DSM-19910
Liquorilactobacillus_ghanensis_DSM_18630_DSM-18630
Liquorilactobacillus_hordei_DSM_19519_DSM-19519
Liquorilactobacillus_mali_ATCC-27304
Liquorilactobacillus_nagelii_DSM_13675_DSM-13675
Liquorilactobacillus_oeni_DSM_19972_DSM-19972
Liquorilactobacillus_uvarum_DSM_19971_DSM-19971
Liquorilactobacillus_vini_DSM_20605_DSM-20605
Loigolactobacillus_backii_JCM-18665
Loigolactobacillus_bifermentans_DSM_20003_DSM-20003
Loigolactobacillus_binensis_735-2
Loigolactobacillus_iwatensis_JCM-18838
Loigolactobacillus_jiayinensis_257-1
Loigolactobacillus_rennini_DSM_20253_DSM-20253
Loigolactobacillus_zhaoyuanensis_187-3
Nicoliella_spurrieriana_SGEP1_A5
Paucilactobacillus_hokkaidonensis_JCM_18461_LOOC260
Paucilactobacillus_nenjiangensis_11102
Paucilactobacillus_vaccinostercus_DSM_20634_DSM-20634
Paucilactobacillus_wasatchensis_WDC04
Pediococcus_acidilactici_DSM_20284_DSM-20284
Pediococcus_acidilactici_SRCM210477
Pediococcus_argentinicus_DSM-23026
Pediococcus_cellicola_DSM-17757
Pediococcus_claussenii_ATCC_BAA-344_ATCC-BAA-344
Pediococcus_damnosus_DSM-20331
Pediococcus_ethanolidurans_DSM-22301
Pediococcus_inopinatus_DSM-20285
Pediococcus_parvulus_NBRC-100673
Pediococcus_pentosaceus_DSM-20336
Pediococcus_stilesii_DSM-18001
Periweissella_beninensis_DSM-22752
Periweissella_cryptocerci_26KH-42
Periweissella_fabalis_CCUG-61472
Periweissella_fabaria_LMG-24289-substr.-LMG-24289
Periweissella_ghanensis_LMG-24286-substr.-LMG-24286
Pullulanibacillus_camelliae_CGMCC-1.15371
Pullulanibacillus_pueri_CGMCC-1.12777
Schleiferilactobacillus_harbinensis_DSM_16991_DSM-16991
Schleiferilactobacillus_perolens_DSM_12744_DSM-12744
Schleiferilactobacillus_shenzhenensis_LY-73_LY-73
Scopulibacillus_daqui_DSM-28236
Scopulibacillus_darangshiensis_DSM-19377
Secundilactobacillus_angelensis_HBUAS51383
Secundilactobacillus_folii_CRM56-3
Secundilactobacillus_hailunensis_887-11
Secundilactobacillus_kimchicus_JCM_15530_JCM-15530
Secundilactobacillus_mixtipabuli_IWT30
Secundilactobacillus_oryzae_JCM_18671_SG293
Secundilactobacillus_pentosiphilus_IWT25
Secundilactobacillus_silagei_JCM_19001_IWT126
Secundilactobacillus_silagincola_IWT5
Secundilactobacillus_yichangensis_F79-211-2
Sinobaca_qinghaiensis_DSM-17008
Sporolactobacillus_inulinus_NBRC-13595
Sporolactobacillus_kofuensis_NRIC-0334
Sporolactobacillus_laevolacticus_DSM_442_DSM-442
Sporolactobacillus_mangiferae_CPB3-1
Sporolactobacillus_nakayamae_ATCC-700379
Sporolactobacillus_pectinivorans_GD201205
Sporolactobacillus_putidus_JCM-15325
Sporolactobacillus_shoreae_BK92
Sporolactobacillus_shoreicorticis_LMG-29111
Sporolactobacillus_spathodeae_DSM-100968
Sporolactobacillus_sp._STSJ-5_STSJ-5
Sporolactobacillus_sp._THM7-4_THM7-4
Sporolactobacillus_sp._THM7-7_THM7-7
Sporolactobacillus_terrae_DSM_11697_DSM-11697
strain_01
strain_02
strain_03
strain_04
strain_08
strain_10
strain_16
strain_17
strain_18
strain_19
strain_27
strain_31
strain_34
strain_51
strain_52
strain_54
strain_56
strain_62
strain_63
strain_65
strain_70
Tuberibacillus_calidus_DSM_17572_DSM-17572
Tuberibacillus_sp._Marseille-P3662_Marseille-P3662
Weissella_bombi_R-53094
Weissella_ceti_WS105
Weissella_cibaria_KACC_11862_KACC-11862
Weissella_cibaria_SP7
Weissella_coleopterorum_HDW19
Weissella_confusa_DSM-20196
Weissella_confusa_VTT-E-062653
Weissella_diestrammenae_KACC-16890
Weissella_fangxianensis_HBUAS51963
Weissella_halotolerans_DSM_20190_DSM-20190
Weissella_hellenica_NBRC-15553
Weissella_kandleri_DSM-20593
Weissella_koreensis_KCTC_3621_KCTC-3621
Weissella_minor_DSM-20014
Weissella_muntiaci_8H-2
Weissella_oryzae_SG25_SG25
Weissella_paramesenteroides__ATCC-33313
Weissella_sagaensis_X0750
Weissella_soli_KACC-11848
Weissella_thailandensis_JCM-10695
Weissella_uvarum_DSM-28060
Weissella_viridescens_DSM-20410
Weissella_viridescens_UCO-SMC3
